<?xml version="1.0" encoding="UTF-8"?>
<!-- Generated by org.testng.reporters.JUnitReportReporter -->
<testsuite hostname="DESKTOP-85ALI2I" failures="0" tests="2" name="com.abc.OrangeHrm.Test.LoginPageTest" time="8.719" errors="0" timestamp="2022-04-14T14:38:15 IST" skipped="0">
  <testcase classname="com.abc.OrangeHrm.Test.LoginPageTest" name="TC2" time="2.748"/>
  <system-out/>
  <testcase classname="com.abc.OrangeHrm.Test.LoginPageTest" name="TC1" time="5.971"/>
  <system-out/>
</testsuite> <!-- com.abc.OrangeHrm.Test.LoginPageTest -->
